[    0.000000] Initializing cgroup subsys cpuset
[    0.000000] Initializing cgroup subsys cpu
[    0.000000] Initializing cgroup subsys cpuacct
[    0.000000] Linux version 4.4.0-187-generic (buildd@lgw01-amd64-035) (gcc version 5.4.0 20160609 (Ubuntu 5.4.0-6ubuntu1~16.04.12) ) #217-Ubuntu SMP Tue Jul 21 04:18:15 UTC 2020 (Ubuntu 4.4.0-187.217-generic 4.4.230)
[    0.000000] Command line: BOOT_IMAGE=/boot/vmlinuz-4.4.0-187-generic root=LABEL=cloudimg-rootfs ro console=tty1 console=ttyS0
[    0.000000] KERNEL supported cpus:
[    0.000000]   Intel GenuineIntel
[    0.000000]   AMD AuthenticAMD
[    0.000000]   Centaur CentaurHauls
[    0.000000] x86/fpu: xstate_offset[2]:  576, xstate_sizes[2]:  256
[    0.000000] x86/fpu: Supporting XSAVE feature 0x01: 'x87 floating point registers'
[    0.000000] x86/fpu: Supporting XSAVE feature 0x02: 'SSE registers'
[    0.000000] x86/fpu: Supporting XSAVE feature 0x04: 'AVX registers'
[    0.000000] x86/fpu: Enabled xstate features 0x7, context size is 832 bytes, using 'standard' format.
[    0.000000] e820: BIOS-provided physical RAM map:
[    0.000000] BIOS-e820: [mem 0x0000000000000000-0x000000000009fbff] usable
[    0.000000] BIOS-e820: [mem 0x000000000009fc00-0x000000000009ffff] reserved
[    0.000000] BIOS-e820: [mem 0x00000000000f0000-0x00000000000fffff] reserved
[    0.000000] BIOS-e820: [mem 0x0000000000100000-0x000000003ffeffff] usable
[    0.000000] BIOS-e820: [mem 0x000000003fff0000-0x000000003fffffff] ACPI data
[    0.000000] BIOS-e820: [mem 0x00000000fec00000-0x00000000fec00fff] reserved
[    0.000000] BIOS-e820: [mem 0x00000000fee00000-0x00000000fee00fff] reserved
[    0.000000] BIOS-e820: [mem 0x00000000fffc0000-0x00000000ffffffff] reserved
[    0.000000] NX (Execute Disable) protection: active
[    0.000000] SMBIOS 2.5 present.
[    0.000000] Hypervisor detected: KVM
[    0.000000] e820: last_pfn = 0x3fff0 max_arch_pfn = 0x400000000
[    0.000000] MTRR: Disabled
[    0.000000] x86/PAT: MTRRs disabled, skipping PAT initialization too.
[    0.000000] CPU MTRRs all blank - virtualized system.
[    0.000000] x86/PAT: Configuration [0-7]: WB  WT  UC- UC  WB  WT  UC- UC  
[    0.000000] found SMP MP-table at [mem 0x0009fff0-0x0009ffff] mapped at [ffff88000009fff0]
[    0.000000] Scanning 1 areas for low memory corruption
[    0.000000] RAMDISK: [mem 0x362de000-0x37166fff]
[    0.000000] ACPI: Early table checksum verification disabled
[    0.000000] ACPI: RSDP 0x00000000000E0000 000024 (v02 VBOX  )
[    0.000000] ACPI: XSDT 0x000000003FFF0030 00003C (v01 VBOX   VBOXXSDT 00000001 ASL  00000061)
[    0.000000] ACPI: FACP 0x000000003FFF00F0 0000F4 (v04 VBOX   VBOXFACP 00000001 ASL  00000061)
[    0.000000] ACPI: DSDT 0x000000003FFF0470 002325 (v02 VBOX   VBOXBIOS 00000002 INTL 20100528)
[    0.000000] ACPI: FACS 0x000000003FFF0200 000040
[    0.000000] ACPI: FACS 0x000000003FFF0200 000040
[    0.000000] ACPI: APIC 0x000000003FFF0240 00005C (v02 VBOX   VBOXAPIC 00000001 ASL  00000061)
[    0.000000] ACPI: SSDT 0x000000003FFF02A0 0001CC (v01 VBOX   VBOXCPUT 00000002 INTL 20100528)
[    0.000000] No NUMA configuration found
[    0.000000] Faking a node at [mem 0x0000000000000000-0x000000003ffeffff]
[    0.000000] NODE_DATA(0) allocated [mem 0x3ffeb000-0x3ffeffff]
[    0.000000] kvm-clock: Using msrs 4b564d01 and 4b564d00
[    0.000000] kvm-clock: cpu 0, msr 0:3ffe3001, primary cpu clock
[    0.000000] kvm-clock: using sched offset of 6054756270 cycles
[    0.000000] clocksource: kvm-clock: mask: 0xffffffffffffffff max_cycles: 0x1cd42e4dffb, max_idle_ns: 881590591483 ns
[    0.000000] Zone ranges:
[    0.000000]   DMA      [mem 0x0000000000001000-0x0000000000ffffff]
[    0.000000]   DMA32    [mem 0x0000000001000000-0x000000003ffeffff]
[    0.000000]   Normal   empty
[    0.000000]   Device   empty
[    0.000000] Movable zone start for each node
[    0.000000] Early memory node ranges
[    0.000000]   node   0: [mem 0x0000000000001000-0x000000000009efff]
[    0.000000]   node   0: [mem 0x0000000000100000-0x000000003ffeffff]
[    0.000000] Initmem setup node 0 [mem 0x0000000000001000-0x000000003ffeffff]
[    0.000000] ACPI: PM-Timer IO Port: 0x4008
[    0.000000] IOAPIC[0]: apic_id 2, version 32, address 0xfec00000, GSI 0-23
[    0.000000] ACPI: INT_SRC_OVR (bus 0 bus_irq 0 global_irq 2 dfl dfl)
[    0.000000] ACPI: INT_SRC_OVR (bus 0 bus_irq 9 global_irq 9 low level)
[    0.000000] Using ACPI (MADT) for SMP configuration information
[    0.000000] smpboot: Allowing 2 CPUs, 0 hotplug CPUs
[    0.000000] PM: Registered nosave memory: [mem 0x00000000-0x00000fff]
[    0.000000] PM: Registered nosave memory: [mem 0x0009f000-0x0009ffff]
[    0.000000] PM: Registered nosave memory: [mem 0x000a0000-0x000effff]
[    0.000000] PM: Registered nosave memory: [mem 0x000f0000-0x000fffff]
[    0.000000] e820: [mem 0x40000000-0xfebfffff] available for PCI devices
[    0.000000] Booting paravirtualized kernel on KVM
[    0.000000] clocksource: refined-jiffies: mask: 0xffffffff max_cycles: 0xffffffff, max_idle_ns: 7645519600211568 ns
[    0.000000] setup_percpu: NR_CPUS:512 nr_cpumask_bits:512 nr_cpu_ids:2 nr_node_ids:1
[    0.000000] PERCPU: Embedded 33 pages/cpu @ffff88003fc00000 s95512 r8192 d31464 u1048576
[    0.000000] Built 1 zonelists in Node order, mobility grouping on.  Total pages: 257912
[    0.000000] Policy zone: DMA32
[    0.000000] Kernel command line: BOOT_IMAGE=/boot/vmlinuz-4.4.0-187-generic root=LABEL=cloudimg-rootfs ro console=tty1 console=ttyS0
[    0.000000] PID hash table entries: 4096 (order: 3, 32768 bytes)
[    0.000000] Memory: 997660K/1048120K available (8636K kernel code, 1337K rwdata, 4040K rodata, 1492K init, 1296K bss, 50460K reserved, 0K cma-reserved)
[    0.000000] SLUB: HWalign=64, Order=0-3, MinObjects=0, CPUs=2, Nodes=1
[    0.000000] Kernel/User page tables isolation: enabled
[    0.000000] Hierarchical RCU implementation.
[    0.000000] 	Build-time adjustment of leaf fanout to 64.
[    0.000000] 	RCU restricting CPUs from NR_CPUS=512 to nr_cpu_ids=2.
[    0.000000] RCU: Adjusting geometry for rcu_fanout_leaf=64, nr_cpu_ids=2
[    0.000000] NR_IRQS:33024 nr_irqs:440 16
[    0.000000] Console: colour VGA+ 80x25
[    0.000000] console [tty1] enabled
[    0.000000] console [ttyS0] enabled
[    0.000000] tsc: Detected 4008.004 MHz processor
[    0.346289] Calibrating delay loop (skipped) preset value.. 8016.00 BogoMIPS (lpj=16032016)
[    0.348283] pid_max: default: 32768 minimum: 301
[    0.349253] ACPI: Core revision 20150930
[    0.352018] ACPI: 2 ACPI AML tables successfully acquired and loaded
[    0.353389] Security Framework initialized
[    0.354282] Yama: becoming mindful.
[    0.355080] AppArmor: AppArmor initialized
[    0.356027] Dentry cache hash table entries: 131072 (order: 8, 1048576 bytes)
[    0.427142] Inode-cache hash table entries: 65536 (order: 7, 524288 bytes)
[    0.428522] Mount-cache hash table entries: 2048 (order: 2, 16384 bytes)
[    0.429804] Mountpoint-cache hash table entries: 2048 (order: 2, 16384 bytes)
[    0.431216] Initializing cgroup subsys io
[    0.432162] Initializing cgroup subsys memory
[    0.433043] Initializing cgroup subsys devices
[    0.433988] Initializing cgroup subsys freezer
[    0.434925] Initializing cgroup subsys net_cls
[    0.435861] Initializing cgroup subsys perf_event
[    0.436832] Initializing cgroup subsys net_prio
[    0.437814] Initializing cgroup subsys hugetlb
[    0.438997] Initializing cgroup subsys pids
[    0.440865] mce: CPU supports 0 MCE banks
[    0.441788] Last level iTLB entries: 4KB 128, 2MB 8, 4MB 8
[    0.442818] Last level dTLB entries: 4KB 64, 2MB 0, 4MB 0, 1GB 4
[    0.443913] Spectre V1 : Mitigation: usercopy/swapgs barriers and __user pointer sanitization
[    0.446013] Spectre V2 : Mitigation: Full generic retpoline
[    0.447278] Spectre V2 : Spectre v2 / SpectreRSB mitigation: Filling RSB on context switch
[    0.449019] Speculative Store Bypass: Vulnerable
[    0.449959] SRBDS: Unknown: Dependent on hypervisor status
[    0.451170] MDS: Vulnerable: Clear CPU buffers attempted, no microcode
[    0.454998] Freeing SMP alternatives memory: 36K
[    0.461690] ftrace: allocating 32337 entries in 127 pages
[    0.590095] smpboot: APIC(0) Converting physical 0 to logical package 0
[    0.591288] smpboot: Max logical packages: 1
[    0.592425] x2apic enabled
[    0.593412] Switched APIC routing to physical x2apic.
[    0.595744] ..TIMER: vector=0x30 apic1=0 pin1=2 apic2=-1 pin2=-1
[    0.704986] smpboot: CPU0: Intel(R) Core(TM) i3-8350K CPU @ 4.00GHz (family: 0x6, model: 0x9e, stepping: 0xb)
[    0.707086] Performance Events: unsupported p6 CPU model 158 no PMU driver, software events only.
[    0.717106] KVM setup paravirtual spinlock
[    0.718502] x86: Booting SMP configuration:
[    0.719352] .... node  #0, CPUs:      #1
[    0.720145] kvm-clock: cpu 1, msr 0:3ffe3041, secondary cpu clock
[    0.721856] mce: CPU supports 0 MCE banks
[    0.724399] x86: Booted up 1 node, 2 CPUs
[    0.725483] smpboot: Total of 2 processors activated (16032.01 BogoMIPS)
[    0.727138] devtmpfs: initialized
[    0.728995] evm: security.selinux
[    0.729991] evm: security.SMACK64
[    0.730856] evm: security.SMACK64EXEC
[    0.731626] evm: security.SMACK64TRANSMUTE
[    0.732455] evm: security.SMACK64MMAP
[    0.733229] evm: security.ima
[    0.733969] evm: security.capability
[    0.734924] clocksource: jiffies: mask: 0xffffffff max_cycles: 0xffffffff, max_idle_ns: 7645041785100000 ns
[    0.736893] futex hash table entries: 512 (order: 3, 32768 bytes)
[    0.738234] pinctrl core: initialized pinctrl subsystem
[    0.739507] RTC time:  2:04:54, date: 09/04/20
[    0.740592] NET: Registered protocol family 16
[    0.754082] cpuidle: using governor ladder
[    0.766773] cpuidle: using governor menu
[    0.767617] PCCT header not found.
[    0.768402] ACPI: bus type PCI registered
[    0.769277] acpiphp: ACPI Hot Plug PCI Controller Driver version: 0.5
[    0.770646] PCI: Using configuration type 1 for base access
[    0.783803] ACPI: Added _OSI(Module Device)
[    0.788951] ACPI: Added _OSI(Processor Device)
[    0.792561] ACPI: Added _OSI(3.0 _SCP Extensions)
[    0.795566] ACPI: Added _OSI(Processor Aggregator Device)
[    0.799571] ACPI: Executed 1 blocks of module-level executable AML code
[    0.806268] ACPI: Interpreter enabled
[    0.807913] ACPI: (supports S0 S5)
[    0.809541] ACPI: Using IOAPIC for interrupt routing
[    0.811822] PCI: Using host bridge windows from ACPI; if necessary, use "pci=nocrs" and report a bug
[    0.821021] ACPI: PCI Root Bridge [PCI0] (domain 0000 [bus 00-ff])
[    0.822746] acpi PNP0A03:00: _OSC: OS supports [ASPM ClockPM Segments MSI]
[    0.824943] acpi PNP0A03:00: _OSC: not requesting OS control; OS requires [ExtendedConfig ASPM ClockPM MSI]
[    0.827360] acpi PNP0A03:00: fail to add MMCONFIG information, can't access extended PCI configuration space under this bridge.
[    0.830503] PCI host bridge to bus 0000:00
[    0.831482] pci_bus 0000:00: root bus resource [io  0x0000-0x0cf7 window]
[    0.832892] pci_bus 0000:00: root bus resource [io  0x0d00-0xffff window]
[    0.834308] pci_bus 0000:00: root bus resource [mem 0x000a0000-0x000bffff window]
[    0.836013] pci_bus 0000:00: root bus resource [mem 0x40000000-0xfdffffff window]
[    0.837622] pci_bus 0000:00: root bus resource [bus 00-ff]
[    0.840357] pci 0000:00:01.1: legacy IDE quirk: reg 0x10: [io  0x01f0-0x01f7]
[    0.841913] pci 0000:00:01.1: legacy IDE quirk: reg 0x14: [io  0x03f6]
[    0.843122] pci 0000:00:01.1: legacy IDE quirk: reg 0x18: [io  0x0170-0x0177]
[    0.855813] pci 0000:00:01.1: legacy IDE quirk: reg 0x1c: [io  0x0376]
[    0.867034] pci 0000:00:07.0: quirk: [io  0x4000-0x403f] claimed by PIIX4 ACPI
[    0.868607] pci 0000:00:07.0: quirk: [io  0x4100-0x410f] claimed by PIIX4 SMB
[    0.876330] ACPI: PCI Interrupt Link [LNKA] (IRQs 5 9 10 *11)
[    0.878112] ACPI: PCI Interrupt Link [LNKB] (IRQs 5 9 *10 11)
[    0.879810] ACPI: PCI Interrupt Link [LNKC] (IRQs 5 *9 10 11)
[    0.881438] ACPI: PCI Interrupt Link [LNKD] (IRQs 5 9 10 *11)
[    0.883265] ACPI: Enabled 2 GPEs in block 00 to 07
[    0.884468] vgaarb: setting as boot device: PCI:0000:00:02.0
[    0.885548] vgaarb: device added: PCI:0000:00:02.0,decodes=io+mem,owns=io+mem,locks=none
[    0.887185] vgaarb: loaded
[    0.887831] vgaarb: bridge control possible 0000:00:02.0
[    0.889003] SCSI subsystem initialized
[    0.890000] ACPI: bus type USB registered
[    0.890835] usbcore: registered new interface driver usbfs
[    0.891852] usbcore: registered new interface driver hub
[    0.892854] usbcore: registered new device driver usb
[    0.894063] PCI: Using ACPI for IRQ routing
[    0.964407] NetLabel: Initializing
[    0.965407] NetLabel:  domain hash size = 128
[    0.966479] NetLabel:  protocols = UNLABELED CIPSOv4
[    0.967466] NetLabel:  unlabeled traffic allowed by default
[    0.968707] amd_nb: Cannot enumerate AMD northbridges
[    0.969885] clocksource: Switched to clocksource kvm-clock
[    1.114577] AppArmor: AppArmor Filesystem Enabled
[    1.115609] pnp: PnP ACPI init
[    1.117030] pnp: PnP ACPI: found 3 devices
[    1.126463] clocksource: acpi_pm: mask: 0xffffff max_cycles: 0xffffff, max_idle_ns: 2085701024 ns
[    1.128321] NET: Registered protocol family 2
[    1.129431] TCP established hash table entries: 8192 (order: 4, 65536 bytes)
[    1.130814] TCP bind hash table entries: 8192 (order: 5, 131072 bytes)
[    1.132059] TCP: Hash tables configured (established 8192 bind 8192)
[    1.133420] UDP hash table entries: 512 (order: 2, 16384 bytes)
[    1.134591] UDP-Lite hash table entries: 512 (order: 2, 16384 bytes)
[    1.135810] NET: Registered protocol family 1
[    1.136726] pci 0000:00:00.0: Limiting direct PCI/PCI transfers
[    1.137867] pci 0000:00:01.0: Activating ISA DMA hang workarounds
[    1.139144] Unpacking initramfs...
[    2.775039] Freeing initrd memory: 14884K
[    2.776015] clocksource: tsc: mask: 0xffffffffffffffff max_cycles: 0x39c5e55cdd3, max_idle_ns: 440795219181 ns
[    2.778034] platform rtc_cmos: registered platform RTC device (no PNP device found)
[    2.779862] Scanning for low memory corruption every 60 seconds
[    2.781286] audit: initializing netlink subsys (disabled)
[    2.782423] audit: type=2000 audit(1599185104.309:1): initialized
[    2.783848] Initialise system trusted keyring
[    2.784940] HugeTLB registered 2 MB page size, pre-allocated 0 pages
[    2.787251] zbud: loaded
[    2.788200] VFS: Disk quotas dquot_6.6.0
[    2.789076] VFS: Dquot-cache hash table entries: 512 (order 0, 4096 bytes)
[    2.790619] squashfs: version 4.0 (2009/01/31) Phillip Lougher
[    2.791964] fuse init (API version 7.23)
[    2.793025] Key type big_key registered
[    2.793892] Allocating IMA MOK and blacklist keyrings.
[    2.796375] Key type asymmetric registered
[    2.797259] Asymmetric key parser 'x509' registered
[    2.798298] Block layer SCSI generic (bsg) driver version 0.4 loaded (major 249)
[    2.799869] io scheduler noop registered
[    2.800702] io scheduler deadline registered (default)
[    2.801748] io scheduler cfq registered
[    2.802695] pci_hotplug: PCI Hot Plug PCI Core version: 0.5
[    2.803790] pciehp: PCI Express Hot Plug Controller Driver version: 0.4
[    2.805132] ACPI: AC Adapter [AC] (on-line)
[    2.806066] input: Power Button as /devices/LNXSYSTM:00/LNXPWRBN:00/input/input0
[    2.807771] ACPI: Power Button [PWRF]
[    2.808672] input: Sleep Button as /devices/LNXSYSTM:00/LNXSLPBN:00/input/input1
[    2.810384] ACPI: Sleep Button [SLPF]
[    2.814031] GHES: HEST is not enabled!
[    2.814931] Serial: 8250/16550 driver, 32 ports, IRQ sharing enabled
[    2.836613] 00:02: ttyS0 at I/O 0x3f8 (irq = 4, base_baud = 115200) is a 16550A
[    2.839043] Linux agpgart interface v0.103
[    2.841609] loop: module loaded
[    2.842971] scsi host0: ata_piix
[    2.843909] scsi host1: ata_piix
[    2.844695] ata1: PATA max UDMA/33 cmd 0x1f0 ctl 0x3f6 bmdma 0xd000 irq 14
[    2.846003] ata2: PATA max UDMA/33 cmd 0x170 ctl 0x376 bmdma 0xd008 irq 15
[    2.847361] libphy: Fixed MDIO Bus: probed
[    2.848323] tun: Universal TUN/TAP device driver, 1.6
[    2.849371] tun: (C) 1999-2004 Max Krasnyansky <maxk@qualcomm.com>
[    2.850741] PPP generic driver version 2.4.2
[    2.851704] ehci_hcd: USB 2.0 'Enhanced' Host Controller (EHCI) Driver
[    2.852924] ehci-pci: EHCI PCI platform driver
[    2.853859] ehci-platform: EHCI generic platform driver
[    2.854991] ohci_hcd: USB 1.1 'Open' Host Controller (OHCI) Driver
[    2.856216] ohci-pci: OHCI PCI platform driver
[    2.857146] ohci-platform: OHCI generic platform driver
[    2.858192] uhci_hcd: USB Universal Host Controller Interface driver
[    2.859444] i8042: PNP: PS/2 Controller [PNP0303:PS2K,PNP0f03:PS2M] at 0x60,0x64 irq 1,12
[    2.861624] serio: i8042 KBD port at 0x60,0x64 irq 1
[    2.862779] serio: i8042 AUX port at 0x60,0x64 irq 12
[    2.863874] mousedev: PS/2 mouse device common for all mice
[    2.865284] rtc_cmos rtc_cmos: rtc core: registered rtc_cmos as rtc0
[    2.866594] rtc_cmos rtc_cmos: alarms up to one day, 114 bytes nvram
[    2.867842] i2c /dev entries driver
[    2.868676] input: AT Translated Set 2 keyboard as /devices/platform/i8042/serio0/input/input2
[    2.870603] device-mapper: uevent: version 1.0.3
[    2.871677] device-mapper: ioctl: 4.34.0-ioctl (2015-10-28) initialised: dm-devel@redhat.com
[    2.873420] ledtrig-cpu: registered to indicate activity on CPUs
[    2.875110] NET: Registered protocol family 10
[    2.876282] NET: Registered protocol family 17
[    2.877229] Key type dns_resolver registered
[    2.878332] registered taskstats version 1
[    2.879235] Loading compiled-in X.509 certificates
[    2.880642] Loaded X.509 cert 'Build time autogenerated kernel key: f06b7227f29f55afa9b8968d1b82289d30ebc7c3'
[    2.882609] zswap: loaded using pool lzo/zbud
[    2.885225] Key type trusted registered
[    2.889202] Key type encrypted registered
[    2.890243] AppArmor: AppArmor sha1 policy hashing enabled
[    2.891364] ima: No TPM chip found, activating TPM-bypass!
[    2.892438] ima: Allocated hash algorithm: sha1
[    2.893401] evm: HMAC attrs: 0x1
[    2.894587]   Magic number: 4:41:55
[    2.895531] rtc_cmos rtc_cmos: setting system clock to 2020-09-04 02:04:56 UTC (1599185096)
[    2.897450] BIOS EDD facility v0.16 2004-Jun-25, 0 devices found
[    2.898707] EDD information not available.
[    3.028719] Freeing unused kernel memory: 1492K
[    3.030056] Write protecting the kernel read-only data: 14336k
[    3.031607] Freeing unused kernel memory: 1592K
[    3.032786] Freeing unused kernel memory: 56K
Loading, please wait...
starting version 229
[    3.044323] random: systemd-udevd: uninitialized urandom read (16 bytes read, 3 bits of entropy available)
[    3.044621] random: udevadm: uninitialized urandom read (16 bytes read, 3 bits of entropy available)
[    3.044635] random: udevadm: uninitialized urandom read (16 bytes read, 3 bits of entropy available)
[    3.049912] random: systemd-udevd: uninitialized urandom read (16 bytes read, 3 bits of entropy available)
[    3.051071] random: udevadm: uninitialized urandom read (16 bytes read, 3 bits of entropy available)
[    3.051102] random: udevadm: uninitialized urandom read (16 bytes read, 3 bits of entropy available)
[    3.051213] random: udevadm: uninitialized urandom read (16 bytes read, 3 bits of entropy available)
[    3.051253] random: udevadm: uninitialized urandom read (16 bytes read, 3 bits of entropy available)
[    3.051290] random: udevadm: uninitialized urandom read (16 bytes read, 3 bits of entropy available)
[    3.051329] random: udevadm: uninitialized urandom read (16 bytes read, 3 bits of entropy available)
[    3.085759] e1000: Intel(R) PRO/1000 Network Driver - version 7.3.21-k8-NAPI
[    3.087142] e1000: Copyright (c) 1999-2006 Intel Corporation.
[    3.100532] Fusion MPT base driver 3.04.20
[    3.101449] Copyright (c) 1999-2008 LSI Corporation
[    3.104024] AVX2 version of gcm_enc/dec engaged.
[    3.105886] AES CTR mode by8 optimization enabled
[    3.123936] Fusion MPT SPI Host driver 3.04.20
[    3.295228] input: ImExPS/2 Generic Explorer Mouse as /devices/platform/i8042/serio1/input/input4
[    3.457037] e1000 0000:00:03.0 eth0: (PCI:33MHz:32-bit) 02:98:c6:81:17:55
[    3.458679] e1000 0000:00:03.0 eth0: Intel(R) PRO/1000 Network Connection
[    3.461232] mptbase: ioc0: Initiating bringup
[    3.527588] ioc0: LSI53C1030 A0: Capabilities={Initiator}
[    3.696718] scsi host2: ioc0: LSI53C1030 A0, FwRev=00000000h, Ports=1, MaxQ=256, IRQ=20
[    3.815211] scsi 2:0:0:0: Direct-Access     VBOX     HARDDISK         1.0  PQ: 0 ANSI: 5
[    3.818631] scsi target2:0:0: Beginning Domain Validation
[    3.821984] scsi target2:0:0: Domain Validation skipping write tests
[    3.823169] scsi target2:0:0: Ending Domain Validation
[    3.824288] scsi target2:0:0: asynchronous
[    3.825775] scsi 2:0:1:0: Direct-Access     VBOX     HARDDISK         1.0  PQ: 0 ANSI: 5
[    3.827607] scsi target2:0:1: Beginning Domain Validation
[    3.830099] scsi target2:0:1: Domain Validation skipping write tests
[    3.831325] scsi target2:0:1: Ending Domain Validation
[    3.832386] scsi target2:0:1: asynchronous
[    3.837956] sd 2:0:0:0: Attached scsi generic sg0 type 0
[    3.850932] sd 2:0:0:0: [sda] 20971520 512-byte logical blocks: (10.7 GB/10.0 GiB)
[    3.852803] sd 2:0:0:0: [sda] Write Protect is off
[    3.853911] sd 2:0:1:0: Attached scsi generic sg1 type 0
[    3.855104] sd 2:0:0:0: [sda] Incomplete mode parameter data
[    3.856260] sd 2:0:0:0: [sda] Assuming drive cache: write through
[    3.857495] sd 2:0:1:0: [sdb] 20480 512-byte logical blocks: (10.5 MB/10.0 MiB)
[    3.859476] sd 2:0:1:0: [sdb] Write Protect is off
[    3.860815] sd 2:0:1:0: [sdb] Incomplete mode parameter data
[    3.862026] sd 2:0:1:0: [sdb] Assuming drive cache: write through
[    3.863981]  sda: sda1
[    3.865489] sd 2:0:0:0: [sda] Attached SCSI disk
[    3.892537] sd 2:0:1:0: [sdb] Attached SCSI disk
[    4.182807] e1000 0000:00:08.0 eth1: (PCI:33MHz:32-bit) 08:00:27:1b:79:1f
[    4.184093] e1000 0000:00:08.0 eth1: Intel(R) PRO/1000 Network Connection
[    4.186134] e1000 0000:00:03.0 enp0s3: renamed from eth0
[    4.202317] e1000 0000:00:08.0 enp0s8: renamed from eth1
Begin: Loading essential drivers ... [    5.590706] md: linear personality registered for level -1
[    5.593904] md: multipath personality registered for level -4
[    5.596882] md: raid0 personality registered for level 0
[    5.601079] md: raid1 personality registered for level 1
[    5.670064] raid6: sse2x1   gen() 13957 MB/s
[    5.738368] raid6: sse2x1   xor() 10281 MB/s
[    5.806244] raid6: sse2x2   gen() 17010 MB/s
[    5.873935] raid6: sse2x2   xor() 11762 MB/s
[    5.942291] raid6: sse2x4   gen() 19694 MB/s
[    6.010603] raid6: sse2x4   xor() 12921 MB/s
[    6.077934] raid6: avx2x1   gen() 27724 MB/s
[    6.146340] raid6: avx2x2   gen() 31931 MB/s
[    6.214660] raid6: avx2x4   gen() 35432 MB/s
[    6.215598] raid6: using algorithm avx2x4 gen() 35432 MB/s
[    6.216761] raid6: using avx2x2 recovery algorithm
[    6.218783] xor: automatically using best checksumming function:
[    6.258164]    avx       : 28758.000 MB/sec
[    6.260145] async_tx: api initialized (async)
[    6.268421] md: raid6 personality registered for level 6
[    6.269492] md: raid5 personality registered for level 5
[    6.270619] md: raid4 personality registered for level 4
[    6.276659] md: raid10 personality registered for level 10
done.
Begin: Running /scripts/init-premount ... done.
Begin: Mounting root file system ... Begin: Running /scripts/local-top ... done.
Begin: Running /scripts/local-premount ... [    6.301735] Btrfs loaded
Scanning for Btrfs filesystems
done.
Warning: fsck not present, so skipping root file system
[    6.356963] EXT4-fs (sda1): mounted filesystem with ordered data mode. Opts: (null)
done.
Begin: Running /scripts/local-bottom ... done.
Begin: Running /scripts/init-bottom ... done.
[    7.034945] systemd[1]: systemd 229 running in system mode. (+PAM +AUDIT +SELINUX +IMA +APPARMOR +SMACK +SYSVINIT +UTMP +LIBCRYPTSETUP +GCRYPT +GNUTLS +ACL +XZ -LZ4 +SECCOMP +BLKID +ELFUTILS +KMOD -IDN)
[    7.042357] systemd[1]: Detected virtualization oracle.
[    7.044336] systemd[1]: Detected architecture x86-64.

Welcome to [1mUbuntu 16.04.7 LTS[0m!

[    7.092762] systemd[1]: Set hostname to <ubuntu>.
[    7.101672] random: nonblocking pool is initialized
[    7.104204] systemd[1]: Initializing machine ID from random generator.
[    7.105455] systemd[1]: Installed transient /etc/machine-id file.
[    7.707665] systemd[1]: Reached target System Time Synchronized.
[[0;32m  OK  [0m] Reached target System Time Synchronized.
[    7.709837] systemd[1]: Listening on Device-mapper event daemon FIFOs.
[[0;32m  OK  [0m] Listening on Device-mapper event daemon FIFOs.
[    7.711899] systemd[1]: Started Forward Password Requests to Wall Directory Watch.
[[0;32m  OK  [0m] Started Forward Password Requests to Wall Directory Watch.
[    7.714193] systemd[1]: Listening on udev Kernel Socket.
[[0;32m  OK  [0m] Listening on udev Kernel Socket.
[    7.715918] systemd[1]: Listening on LVM2 poll daemon socket.
[[0;32m  OK  [0m] Listening on LVM2 poll daemon socket.
[    7.726809] systemd[1]: Created slice System Slice.
[[0;32m  OK  [0m] Created slice System Slice.
[    7.738707] systemd[1]: Listening on /dev/initctl Compatibility Named Pipe.
[[0;32m  OK  [0m] Listening on /dev/initctl Compatibility Named Pipe.
[    7.740959] systemd[1]: Created slice User and Session Slice.
[[0;32m  OK  [0m] Created slice User and Session Slice.
[    7.742693] systemd[1]: Reached target Swap.
[[0;32m  OK  [0m] Reached target Swap.
[    7.744446] systemd[1]: Started Trigger resolvconf update for networkd DNS.
[[0;32m  OK  [0m] Started Trigger resolvconf update for networkd DNS.
[    7.746528] systemd[1]: Listening on Syslog Socket.
[[0;32m  OK  [0m] Listening on Syslog Socket.
[    7.748231] systemd[1]: Listening on Journal Socket (/dev/log).
[[0;32m  OK  [0m] Listening on Journal Socket (/dev/log).
[    7.750133] systemd[1]: Reached target Encrypted Volumes.
[[0;32m  OK  [0m] Reached target Encrypted Volumes.
[    7.773956] systemd[1]: Listening on LVM2 metadata daemon socket.
[[0;32m  OK  [0m] Listening on LVM2 metadata daemon socket.
[    7.775789] systemd[1]: Reached target Slices.
[[0;32m  OK  [0m] Reached target Slices.
[    7.904632] systemd[1]: Listening on udev Control Socket.
[[0;32m  OK  [0m] Listening on udev Control Socket.
[    7.915340] systemd[1]: Created slice system-serial\x2dgetty.slice.
[[0;32m  OK  [0m] Created slice system-serial\x2dgetty.slice.
[    7.917963] systemd[1]: Listening on Journal Audit Socket.
[[0;32m  OK  [0m] Listening on Journal Audit Socket.
[    7.919971] systemd[1]: Listening on Journal Socket.
[[0;32m  OK  [0m] Listening on Journal Socket.
[    7.935002] systemd[1]: Starting Journal Service...
         Starting Journal Service...
[    7.943271] systemd[1]: Starting Remount Root and Kernel File Systems...
         Starting Remount Root and Kernel File Systems...
[    7.945764] systemd[1]: Starting Uncomplicated firewall...
         Starting Uncomplicated firewall...
[    7.947841] systemd[1]: Starting Nameserver information manager...
         Starting Nameserver information manager...
[    7.969542] systemd[1]: Starting Load Kernel Modules...
         Starting Load Kernel Modules...
[    7.974263] EXT4-fs (sda1): re-mounted. Opts: (null)
[    7.994580] systemd[1]: Starting Set console keymap...
         Starting Set console keymap...
[    7.997726] systemd[1]: Mounting POSIX Message Queue File System...
         Mounting POSIX Message Queue File System...
[    8.000003] systemd[1]: Starting Create list of required static device nodes for the current kernel...
         Starting Create list of required st... nodes for the current kernel...
[    8.010759] systemd[1]: Starting Monitoring of LVM2 mirrors, snapshots etc. using dmeventd or progress polling...
         Starting Monitoring of LVM2 mirrors... dmeventd or progress polling...
[    8.018609] systemd[1]: Mounting Debug File System...
         Mounting Debug File System...
[    8.020677] systemd[1]: Set up automount Arbitrary Executable File Formats File System Automount Point.
[[0;32m  OK  [0m] Set up automount Arbitrary Executab...ats File System Automount Point.
[    8.047240] systemd[1]: Reached target User and Group Name Lookups.
[[0;32m  OK  [0m] Reached target User and Group Name Lookups.
[    8.061978] systemd[1]: Mounting Huge Pages File System...
         Mounting Huge Pages File System...
[    8.065010] systemd[1]: Mounted Huge Pages File System.
[[0;32m  OK  [0m] Mounted Huge Pages File System.
[    8.074362] systemd[1]: Mounted POSIX Message Queue File System.
[[0;32m  OK  [0m] Mounted POSIX Message Queue File System.
[    8.082124] systemd[1]: Mounted Debug File System.
[[0;32m  OK  [0m] Mounted Debug File System.
[    8.090356] systemd[1]: Started Remount Root and Kernel File Systems.
[[0;32m  OK  [0m] Started Remount Root and Kernel File Systems.
[    8.093068] systemd[1]: Started Uncomplicated firewall.
[[0;32m  OK  [0m] Started Uncomplicated firewall.
[    8.107478] systemd[1]: Starting Load/Save Random Seed...
         Starting Load/Save Random Seed...
[    8.150765] systemd[1]: Starting udev Coldplug all Devices...
         Starting udev Coldplug all Devices...
[    8.154262] systemd[1]: Started Create list of required static device nodes for the current kernel.
[[0;32m  OK  [0m] Started Create list of required sta...ce nodes for the current kernel.
[    8.238649] systemd[1]: Starting Create Static Device Nodes in /dev...
         Starting Create Static Device Nodes in /dev...
[    8.278974] systemd[1]: Started Nameserver information manager.
[[0;32m  OK  [0m] Started Nameserver information manager.
[    8.500833] systemd[1]: Started Load/Save Random Seed.
[[0;32m  OK  [0m] Started Load/Save Random Seed.
[    8.504471] Loading iSCSI transport class v2.0-870.
[    8.599880] systemd[1]: Started LVM2 metadata daemon.
[[0;32m  OK  [0m] Started LVM2 metadata daemon.
[    8.613415] systemd[1]: Started Journal Service.
[[0;32m  OK  [0m] Started Journal Service.
[[0;32m  OK  [0m] Started udev Coldplug all Devices.
         Starting Flush Journal to Persistent Storage...
[    8.617765] iscsi: registered transport (tcp)
[[0;32m  OK  [0m] Started Set console keymap.
[    8.711156] systemd-journald[368]: Received request to flush runtime journal from PID 1
[[0;32m  OK  [0m] Started Flush Journal to Persistent Storage.
[    8.849124] iscsi: registered transport (iser)
[[0;32m  OK  [0m] Started Load Kernel Modules.
         Starting Apply Kernel Variables...
         Mounting FUSE Control File System...
[[0;32m  OK  [0m] Mounted FUSE Control File System.
[[0;32m  OK  [0m] Started Create Static Device Nodes in /dev.
         Starting udev Kernel Device Manager...
[[0;32m  OK  [0m] Started Monitoring of LVM2 mirrors,...ng dmeventd or progress polling.
[[0;32m  OK  [0m] Started Apply Kernel Variables.
[[0;32m  OK  [0m] Reached target Local File Systems (Pre).
[[0;32m  OK  [0m] Reached target Local File Systems.
         Starting Set console font and keymap...
         Starting Tell Plymouth To Write Out Runtime Data...
         Starting Initial cloud-init job (pre-networking)...
         Starting Create Volatile Files and Directories...
         Starting Commit a transient machine-id on disk...
         Starting LSB: AppArmor initialization...
[[0;32m  OK  [0m] Started Commit a transient machine-id on disk.
[[0;32m  OK  [0m] Started Create Volatile Files and Directories.
         Starting Update UTMP about System Boot/Shutdown...
[[0;32m  OK  [0m] Started Tell Plymouth To Write Out Runtime Data.
[[0;32m  OK  [0m] Started Update UTMP about System Boot/Shutdown.
[[0;32m  OK  [0m] Started udev Kernel Device Manager.
[[0;32m  OK  [0m] Started Dispatch Password Requests to Console Directory Watch.
[[0;32m  OK  [0m] Found device /dev/ttyS0.
[[0;32m  OK  [0m] Listening on Load/Save RF Kill Switch Status /dev/rfkill Watch.
[[0;32m  OK  [0m] Started Set console font and keymap.
[[0;32m  OK  [0m] Created slice system-getty.slice.
[[0;32m  OK  [0m] Started LSB: AppArmor initialization.
         Starting Load AppArmor profiles managed internally by snapd...
[[0;32m  OK  [0m] Started Load AppArmor profiles managed internally by snapd.
[   15.110932] cloud-init[471]: Cloud-init v. 20.2-45-g5f7825e2-0ubuntu1~16.04.1 running 'init-local' at Fri, 04 Sep 2020 02:05:08 +0000. Up 14.60 seconds.
[[0;32m  OK  [0m] Started Initial cloud-init job (pre-networking).
[[0;32m  OK  [0m] Reached target Network (Pre).
         Starting Raise network interfaces...
[[0;32m  OK  [0m] Started Raise network interfaces.
[[0;32m  OK  [0m] Reached target Network.
         Starting Initial cloud-init job (metadata service crawler)...
[   17.750479] cloud-init[972]: Cloud-init v. 20.2-45-g5f7825e2-0ubuntu1~16.04.1 running 'init' at Fri, 04 Sep 2020 02:05:10 +0000. Up 16.22 seconds.
[   17.751835] cloud-init[972]: ci-info: ++++++++++++++++++++++++++++++++++++++Net device info+++++++++++++++++++++++++++++++++++++++
[   17.760608] cloud-init[972]: ci-info: +--------+-------+----------------------------+---------------+--------+-------------------+
[   17.768408] cloud-init[972]: ci-info: | Device |   Up  |          Address           |      Mask     | Scope  |     Hw-Address    |
[   17.776569] cloud-init[972]: ci-info: +--------+-------+----------------------------+---------------+--------+-------------------+
[   17.777501] cloud-init[972]: ci-info: | enp0s3 |  True |         10.0.2.15          | 255.255.255.0 | global | 02:98:c6:81:17:55 |
[   17.778486] cloud-init[972]: ci-info: | enp0s3 |  True | fe80::98:c6ff:fe81:1755/64 |       .       |  link  | 02:98:c6:81:17:55 |
[   17.780254] cloud-init[972]: ci-info: | enp0s8 | False |             .              |       .       |   .    | 08:00:27:1b:79:1f |
[   17.781782] cloud-init[972]: ci-info: |   lo   |  True |         127.0.0.1          |   255.0.0.0   |  host  |         .         |
[   17.783346] cloud-init[972]: ci-info: |   lo   |  True |          ::1/128           |       .       |  host  |         .         |
[   17.784967] cloud-init[972]: ci-info: +--------+-------+----------------------------+---------------+--------+-------------------+
[   17.786522] cloud-init[972]: ci-info: +++++++++++++++++++++++++++Route IPv4 info++++++++++++++++++++++++++++
[   17.787701] cloud-init[972]: ci-info: +-------+-------------+----------+---------------+-----------+-------+
[   17.789094] cloud-init[972]: ci-info: | Route | Destination | Gateway  |    Genmask    | Interface | Flags |
[   17.790470] cloud-init[972]: ci-info: +-------+-------------+----------+---------------+-----------+-------+
[   17.791852] cloud-init[972]: ci-info: |   0   |   0.0.0.0   | 10.0.2.2 |    0.0.0.0    |   enp0s3  |   UG  |
[[0;32m  OK  [0m] Started Initial cloud-init job (metadata service crawler).
[[0;32m  OK  [0m] Reached target System Initialization.
[[0;32m  OK  [0m] Started Daily apt download activities.
[[0;32m  OK  [0m] Listening on ACPID Listen Socket.
[   17.795558] cloud-init[972]: ci-info: |   1   |   10.0.2.0  | 0.0.0.0  | 255.255.255.0 |   enp0s3  |   U   |
[   17.796909] cloud-init[972]: ci-info: +-------+-------------+----------+---------------+-----------+-------+
[   17.798169] cloud-init[972]: ci-info: +++++++++++++++++++Route IPv6 info+++++++++++++++++++
[   17.799332] cloud-init[972]: ci-info: +-------+-------------+---------+-----------+-------+
[   17.800531] cloud-init[972]: ci-info: | Route | Destination | Gateway | Interface | Flags |
[   17.809027]          cloud-initStarting LXD - unix socket.[972]: 
ci-info: +-------+-------------+---------+-----------+-------+
[   17.810028]          cloud-initStarting Socket activation for snappy daemon.[972]: 
ci-info: |   0   |  fe80::/64  |    ::   |   enp0s3  |   U   |
[   17.811098] [cloud-init[0;32m  OK  [0m[972]: ] Started ACPI Events Check.
[ci-info: |   3   |   ff00::/8  |    ::   |   enp0s3  |   U   |[0;32m  OK  [0m
] Reached target Paths.
[[0;32m  OK  [0m] Listening on UUID daemon activation socket.
[   17.811576] [cloud-init[0;32m  OK  [0m[972]: ] ci-info: +-------+-------------+---------+-----------+-------+Listening on D-Bus System Message Bus Socket.

[   17.822551] [cloud-init[0;32m  OK  [0m[972]: ] Generating public/private rsa key pair.Started Message of the Day.

[[0;32m  OK  [0m] Started Daily apt upgrade and clean activities.
[[0;32m  OK  [0m] Started Daily Cleanup of Temporary Directories.
[[0;32m  OK  [0m] Reached target Timers.
[   17.824874] [[0;32m  OK  [0m] Reached target Network is Online.
cloud-init[972]: Your identification has been saved in /etc/ssh/ssh_host_rsa_key.
[   17.833007] cloud-init[972]: Your public key has been saved in /etc/ssh/ssh_host_rsa_key.pub.
[   17.833818] cloud-init[972]: The key fingerprint is:
[   17.834300] cloud-init[972]: SHA256:vnMMWDHawvPUDjpwqE0CCOT4xgZLkvUAmuF9ylDdee8 root@ubuntu-xenial
[   17.835196] cloud-init[972]: The key's randomart image is:
[   17.835778] cloud-init[972]: +---[RSA 2048]----+
[   17.836700]          cloud-initStarting iSCSI initiator daemon (iscsid)...[972]: 
|Boo.. . .        |
[[0;32m  OK  [0m] Reached target Cloud-config availability.
[[0;32m  OK  [0m] Listening on LXD - unix socket.
[[0;32m  OK  [0m] Listening on Socket activation for snappy daemon.
[[0;32m  OK  [0m] Reached target Sockets.
[   17.839493] [cloud-init[0;32m  OK  [0m[972]: ] |B=oo . oo.       |Reached target Basic System.

[   17.840184] cloud-init[972]: |B* ..+ o.+.      |
[   17.849509] cloud-init[972]: |o=+ * * = ..     |
[   17.850400]          cloud-initStarting LSB: MD monitoring daemon...[972]: 
|. =B o OSo.      |
[   17.851211]          cloud-initStarting LSB: Record successful boot for GRUB...[972]: 
| o. . +.o .E     |
[   17.852369] cloud-init[972]: |       ..o       |
         Starting Virtualbox guest utils...
[   17.853219] cloud-init[972]: |        ..o      |
[   17.866030] cloud-init[972]: |        .o       |
[   17.867612] cloud-init[972]: +----[SHA256]-----+
[   17.867809]          cloud-initStarting Accounts Service...[972]: 
Generating public/private dsa key pair.
[   17.867891] cloud-init[972]: Your identification has been saved in /etc/ssh/ssh_host_dsa_key.
[   17.876897] cloud-init[972]: Your public key has been saved in /etc/ssh/ssh_host_dsa_key.pub.
[   17.877092] [cloud-init[0;32m  OK  [0m[972]: ] The key fingerprint is:Started Deferred execution scheduler.

[   17.877132] cloud-init[972]: SHA256:sjx5DL57BjjgbhwB4XODsleW+br/BmYKfoloFHKtJcg root@ubuntu-xenial
[   17.879842] cloud-init[972]: The key's randomart image is:
[   17.893059] cloud-init[972]: +---[DSA 1024]----+
[   17.893257]          cloud-initStarting System Logging Service...[972]: 
|..               |
[   17.893301] cloud-init[972]: |o .  o           |
[   17.908184] cloud-init[972]: |o* +=            |
[   17.909153] cloud-init[972]: |+EBo+.           |
[[0;32m  OK  [0m] Started D-Bus System Message Bus.
[   17.922766] cloud-init[972]: |ooo* .+ S        |
[   17.932857] cloud-init[972]: | o= o+=*         |
[   17.933589] cloud-init[972]: |.= +.**oo        |
[   17.934220] cloud-init[972]: |..* +. ++        |
[   17.935174] cloud-init[972]: |.. ...+*.        |
[   17.935776] cloud-init[972]: +----[SHA256]-----+
[   17.946005] cloud-init[972]: Generating public/private ecdsa key pair.
[   17.946813] cloud-init[972]: Your identification has been saved in /etc/ssh/ssh_host_ecdsa_key.
[   17.947933] cloud-init[972]: Your public key has been saved in /etc/ssh/ssh_host_ecdsa_key.pub.
[   17.948866] cloud-init[972]: The key fingerprint is:
[   17.956691] cloud-init[972]: SHA256:mxmPcIM2P0PpQl2lt3tYpkmeskqyKIT2o6Z9tQXpoB4 root@ubuntu-xenial
[   17.966011] cloud-init[972]: The key's randomart image is:
[   17.966675] cloud-init[972]: +---[ECDSA 256]---+
[   17.989691] cloud-init[972]: |            .    |
[   18.010839] cloud-init[972]: |           o     |
[   18.012707] cloud-init[972]: |       .  o .    |
[   18.021066] cloud-init[972]: |    . oo o . .   |
[   18.032719] cloud-init[972]: | . . o*.S   o o  |
[   18.035174] cloud-init[972]: |..E  ooB.O o O   |
[   18.045044] cloud-init[972]: |.o.. .oo@ o B .  |
[   18.052504] cloud-init[972]: | ooo...= o o .   |
[   18.054385] cloud-init[972]: |+.ooo . ...      |
[   18.056370] cloud-init[972]: +----[SHA256]-----+
[   18.065024] cloud-init[972]: Generating public/private ed25519 key pair.
[   18.066294] cloud-init[972]: Your identification has been saved in /etc/ssh/ssh_host_ed25519_key.
[   18.067560] cloud-init[972]: Your public key has been saved in /etc/ssh/ssh_host_ed25519_key.pub.
[   18.068750] cloud-init[972]: The key fingerprint is:
[   18.079472] cloud-init[972]: SHA256:6mhTU4sSFDbbU3JgOcCYITiGaO0QuoWTZi6w3dcbRDc root@ubuntu-xenial
[   18.080300] cloud-init[972]: The key's randomart image is:
[   18.080903] cloud-init[972]: +--[ED25519 256]--+
[   18.081553] cloud-init[972]: |=.+==o+o+ E      |
[   18.082355] cloud-init[972]: |*Booo=o= . .     |
[   18.083390] cloud-init[972]: |O++.. o..        |
[   18.084146] cloud-init[972]: |=* o.  +.        |
[   18.084885] cloud-init[972]: |+.. ...oS.       |
[   18.085530] cloud-init[972]: |.   ..+..o       |
[   18.086196] cloud-init[972]: |     o...        |
[   18.086921] cloud-init[972]: |    oo           |
[   18.087999] cloud-init[972]: |   ....          |
[   18.088785] cloud-init[972]: +----[SHA256]-----+
[[0;32m  OK  [0m] Started FUSE filesystem for LXC.
[[0;32m  OK  [0m] Started ACPI event daemon.
         Starting Snap Daemon...
[[0;32m  OK  [0m] Started Regular background program processing daemon.
         Starting /etc/rc.local Compatibility...
         Starting Pollinate to seed the pseudo random number generator...
         Starting Login Service...
         Starting LXD - container startup/shutdown...
[[0;32m  OK  [0m] Started System Logging Service.
[[0;32m  OK  [0m] Started /etc/rc.local Compatibility.
         Starting Authenticate and Authorize Users to Run Privileged Tasks...
[[0;32m  OK  [0m] Started LSB: Record successful boot for GRUB.
[[0;32m  OK  [0m] Started iSCSI initiator daemon (iscsid).
         Starting Login to default iSCSI targets...
[[0;32m  OK  [0m] Started LSB: MD monitoring daemon.
[[0;32m  OK  [0m] Started Authenticate and Authorize Users to Run Privileged Tasks.
[[0;32m  OK  [0m] Started Accounts Service.
[[0;32m  OK  [0m] Started Login Service.
[[0;32m  OK  [0m] Started Unattended Upgrades Shutdown.
[[0;32m  OK  [0m] Started Login to default iSCSI targets.
[[0;32m  OK  [0m] Reached target Remote File Systems (Pre).
[[0;32m  OK  [0m] Reached target Remote File Systems.
         Starting LSB: Set the CPU Frequency Scaling governor to "ondemand"...
         Starting LSB: automatic crash report generation...
         Starting Permit User Sessions...
         Starting LSB: daemon to balance interrupts for SMP systems...
[[0;32m  OK  [0m] Started LSB: Set the CPU Frequency Scaling governor to "ondemand".
[[0;32m  OK  [0m] Started Permit User Sessions.
         Starting Terminate Plymouth Boot Screen...
         Starting Hold until boot process finishes up...
[[0;32m  OK  [0m] Started Hold until boot process finishes up.
         Starting Set console scheme...
[[0;32m  OK  [0m] Started Getty on tty1.
[[0;32m  OK  [0m] Started Serial Getty on ttyS0.
[[0;32m  OK  [0m] Reached target Login Prompts.
[[0;32m  OK  [0m] Started Terminate Plymouth Boot Screen.
[[0;32m  OK  [0m] Started Set console scheme.
[[0;32m  OK  [0m] Started LSB: automatic crash report generation.
[[0;32m  OK  [0m] Started LSB: daemon to balance interrupts for SMP systems.
[[0;32m  OK  [0m] Started Virtualbox guest utils.
[[0;32m  OK  [0m] Started LXD - container startup/shutdown.
[[0;32m  OK  [0m] Started Snap Daemon.
         Starting Wait until snapd is fully seeded...
[[0;32m  OK  [0m] Started Pollinate to seed the pseudo random number generator.
         Starting OpenBSD Secure Shell server...
[[0;32m  OK  [0m] Started OpenBSD Secure Shell server.
[[0;32m  OK  [0m] Created slice User Slice of vagrant.
         Starting User Manager for UID 1000...
[[0;32m  OK  [0m] Started Session 1 of user vagrant.
[[0;32m  OK  [0m] Started User Manager for UID 1000.

Ubuntu 16.04.7 LTS ubuntu-xenial ttyS0

ubuntu-xenial login: [   28.532852] cloud-init[1600]: Generating locales (this might take a while)...
[   29.580192] cloud-init[1600]:   en_US.UTF-8... done
[   29.580569] cloud-init[1600]: Generation complete.
[   30.282682] cloud-init[1600]: Cloud-init v. 20.2-45-g5f7825e2-0ubuntu1~16.04.1 running 'modules:config' at Fri, 04 Sep 2020 02:05:22 +0000. Up 28.31 seconds.
ci-info: no authorized SSH keys fingerprints found for user ubuntu.
<14>Sep  4 02:05:25 ec2: 
<14>Sep  4 02:05:25 ec2: #############################################################
<14>Sep  4 02:05:25 ec2: -----BEGIN SSH HOST KEY FINGERPRINTS-----
<14>Sep  4 02:05:25 ec2: 1024 SHA256:sjx5DL57BjjgbhwB4XODsleW+br/BmYKfoloFHKtJcg root@ubuntu-xenial (DSA)
<14>Sep  4 02:05:25 ec2: 256 SHA256:mxmPcIM2P0PpQl2lt3tYpkmeskqyKIT2o6Z9tQXpoB4 root@ubuntu-xenial (ECDSA)
<14>Sep  4 02:05:25 ec2: 256 SHA256:6mhTU4sSFDbbU3JgOcCYITiGaO0QuoWTZi6w3dcbRDc root@ubuntu-xenial (ED25519)
<14>Sep  4 02:05:25 ec2: 2048 SHA256:vnMMWDHawvPUDjpwqE0CCOT4xgZLkvUAmuF9ylDdee8 root@ubuntu-xenial (RSA)
<14>Sep  4 02:05:25 ec2: -----END SSH HOST KEY FINGERPRINTS-----
<14>Sep  4 02:05:25 ec2: #############################################################
-----BEGIN SSH HOST KEY KEYS-----
ecdsa-sha2-nistp256 AAAAE2VjZHNhLXNoYTItbmlzdHAyNTYAAAAIbmlzdHAyNTYAAABBBE4hYqfV47e0cwrloMksEzyTBXIeRRaf9+aMp982yv4CVWM39R8TVz659LmKMlay2IDYLAh89ovrbXCzdvdnYDk= root@ubuntu-xenial
ssh-ed25519 AAAAC3NzaC1lZDI1NTE5AAAAIHmc8pqSUGSggIEOMFYumsN958kk6WOsXfnqizK8av6x root@ubuntu-xenial
ssh-rsa AAAAB3NzaC1yc2EAAAADAQABAAABAQCUfkf2lE84rQ69j9IacsVGOdwVx1Gv8CTM9DXa30/dzZEgMvyCFNJLiU64SDA7AA/WsK2etmb5N+Po2rcUGBdV2hyouIbrPTlHG2aTm2tOZvBBWjLoZL2Xe6/sCPMzsQAH4jt+shfYVUTtbabH2Dgtsc1eSnonKPr/9NEuzMtTm6mERpo3wNEnH7gLREZz3jbSpi7aA1Uo2nyidQllZv7itNDHUfZKjiQNalmsvd2YR2Ulf/x+/hg/nMPpP2x3v4Z8aoziag6s/qtWqRbHBL2F3nDmhkwb1P0KrjzJyDW12REg6UZuAltvbVbK0qwDGyIKsXtkKa7xA4NAtm/voLhR root@ubuntu-xenial
-----END SSH HOST KEY KEYS-----
[   30.834512] cloud-init[1751]: Cloud-init v. 20.2-45-g5f7825e2-0ubuntu1~16.04.1 running 'modules:final' at Fri, 04 Sep 2020 02:05:24 +0000. Up 30.66 seconds.
[   30.836151] cloud-init[1751]: ci-info: no authorized SSH keys fingerprints found for user ubuntu.
[   30.836774] cloud-init[1751]: Cloud-init v. 20.2-45-g5f7825e2-0ubuntu1~16.04.1 finished at Fri, 04 Sep 2020 02:05:25 +0000. Datasource DataSourceNoCloud [seed=/dev/sdb][dsmode=net].  Up 30.82 seconds
